<?xml version="1.0" encoding="UTF-8"?>
<testsuite xmlns:xsi="http://www.w3.org/2001/XMLSchema-instance" xsi:noNamespaceSchemaLocation="https://maven.apache.org/surefire/maven-surefire-plugin/xsd/surefire-test-report.xsd" version="3.0.2" name="com.example.authservice.AuthserviceApplicationTests" time="2.133" tests="1" errors="0" skipped="0" failures="0">
  <properties>
[...]
</properties>
  <testcase name="contextLoads" classname="com.example.authservice.AuthserviceApplicationTests" time="0.399">
    <system-out><![CDATA[18:27:53.421 [main] INFO org.springframework.test.context.support.AnnotationConfigContextLoaderUtils -- Could not detect default configuration classes for test class [com.example.authservice.AuthserviceApplicationTests]: AuthserviceApplicationTests does not declare any static, non-private, non-final, nested classes annotated with @Configuration.
18:27:53.474 [main] INFO org.springframework.boot.test.context.SpringBootTestContextBootstrapper -- Found @SpringBootConfiguration com.example.authservice.AuthserviceApplication for test class com.example.authservice.AuthserviceApplicationTests
18:27:53.535 [main] INFO org.springframework.boot.devtools.restart.RestartApplicationListener -- Restart disabled due to context in which it is running

  .   ____          _            __ _ _
 /\\ / ___'_ __ _ _(_)_ __  __ _ \ \ \ \
( ( )\___ | '_ | '_| | '_ \/ _` | \ \ \ \
 \\/  ___)| |_)| | | | | || (_| |  ) ) ) )
  '  |____| .__|_| |_|_| |_\__, | / / / /
 =========|_|==============|___/=/_/_/_/

 :: Spring Boot ::                (v3.4.4)

2025-04-19T18:27:53.629+05:30  INFO 56045 --- [authservice] [           main] c.e.a.AuthserviceApplicationTests        : Starting AuthserviceApplicationTests using Java 23.0.2 with PID 56045 (started by dhanusworld in /Users/dhanusworld/Documents/GitHub/CTSE-Assignment-01/authservice)
2025-04-19T18:27:53.630+05:30  INFO 56045 --- [authservice] [           main] c.e.a.AuthserviceApplicationTests        : No active profile set, falling back to 1 default profile: "default"
2025-04-19T18:27:53.897+05:30  INFO 56045 --- [authservice] [           main] .s.d.r.c.RepositoryConfigurationDelegate : Multiple Spring Data modules found, entering strict repository configuration mode
2025-04-19T18:27:53.898+05:30  INFO 56045 --- [authservice] [           main] .s.d.r.c.RepositoryConfigurationDelegate : Bootstrapping Spring Data JPA repositories in DEFAULT mode.
2025-04-19T18:27:53.913+05:30  INFO 56045 --- [authservice] [           main] .RepositoryConfigurationExtensionSupport : Spring Data JPA - Could not safely identify store assignment for repository candidate interface com.example.authservice.repository.UserRepository; If you want this repository to be a JPA repository, consider annotating your entities with one of these annotations: jakarta.persistence.Entity, jakarta.persistence.MappedSuperclass (preferred), or consider extending one of the following types with your repository: org.springframework.data.jpa.repository.JpaRepository
2025-04-19T18:27:53.913+05:30  INFO 56045 --- [authservice] [           main] .s.d.r.c.RepositoryConfigurationDelegate : Finished Spring Data repository scanning in 10 ms. Found 0 JPA repository interfaces.
2025-04-19T18:27:53.927+05:30  INFO 56045 --- [authservice] [           main] .s.d.r.c.RepositoryConfigurationDelegate : Multiple Spring Data modules found, entering strict repository configuration mode
2025-04-19T18:27:53.927+05:30  INFO 56045 --- [authservice] [           main] .s.d.r.c.RepositoryConfigurationDelegate : Bootstrapping Spring Data MongoDB repositories in DEFAULT mode.
2025-04-19T18:27:53.936+05:30  INFO 56045 --- [authservice] [           main] .s.d.r.c.RepositoryConfigurationDelegate : Finished Spring Data repository scanning in 8 ms. Found 1 MongoDB repository interface.
2025-04-19T18:27:54.104+05:30  INFO 56045 --- [authservice] [           main] com.zaxxer.hikari.HikariDataSource       : HikariPool-1 - Starting...
2025-04-19T18:27:54.175+05:30  INFO 56045 --- [authservice] [           main] com.zaxxer.hikari.pool.HikariPool        : HikariPool-1 - Added connection conn0: url=jdbc:h2:mem:e9161b77-64d9-460e-8045-db1f4f02b91b user=SA
2025-04-19T18:27:54.176+05:30  INFO 56045 --- [authservice] [           main] com.zaxxer.hikari.HikariDataSource       : HikariPool-1 - Start completed.
2025-04-19T18:27:54.200+05:30  INFO 56045 --- [authservice] [           main] o.hibernate.jpa.internal.util.LogHelper  : HHH000204: Processing PersistenceUnitInfo [name: default]
2025-04-19T18:27:54.222+05:30  INFO 56045 --- [authservice] [           main] org.hibernate.Version                    : HHH000412: Hibernate ORM core version 6.0.0.Final
2025-04-19T18:27:54.286+05:30  WARN 56045 --- [authservice] [           main] org.hibernate.orm.deprecation            : HHH90000021: Encountered deprecated setting [javax.persistence.sharedCache.mode], use [jakarta.persistence.sharedCache.mode] instead
2025-04-19T18:27:54.335+05:30  INFO 56045 --- [authservice] [           main] SQL dialect                              : HHH000400: Using dialect: org.hibernate.dialect.H2Dialect
2025-04-19T18:27:54.433+05:30  INFO 56045 --- [authservice] [           main] o.h.e.t.j.p.i.JtaPlatformInitiator       : HHH000490: Using JtaPlatform implementation: [org.hibernate.engine.transaction.jta.platform.internal.NoJtaPlatform]
2025-04-19T18:27:54.437+05:30  INFO 56045 --- [authservice] [           main] j.LocalContainerEntityManagerFactoryBean : Initialized JPA EntityManagerFactory for persistence unit 'default'
2025-04-19T18:27:54.678+05:30  INFO 56045 --- [authservice] [           main] org.mongodb.driver.client                : MongoClient with metadata {"application": {"name": "SliitCluster"}, "driver": {"name": "mongo-java-driver|sync|spring-boot", "version": "5.2.1"}, "os": {"type": "Darwin", "name": "Mac OS X", "architecture": "aarch64", "version": "15.3.2"}, "platform": "Java/Homebrew/23.0.2"} created with settings MongoClientSettings{readPreference=primary, writeConcern=WriteConcern{w=majority, wTimeout=null ms, journal=null}, retryWrites=true, retryReads=true, readConcern=ReadConcern{level=null}, credential=MongoCredential{mechanism=null, userName='admin', source='admin', password=<hidden>, mechanismProperties=<hidden>}, transportSettings=null, commandListeners=[], codecRegistry=ProvidersCodecRegistry{codecProviders=[ValueCodecProvider{}, BsonValueCodecProvider{}, DBRefCodecProvider{}, DBObjectCodecProvider{}, DocumentCodecProvider{}, CollectionCodecProvider{}, IterableCodecProvider{}, MapCodecProvider{}, GeoJsonCodecProvider{}, GridFSFileCodecProvider{}, Jsr310CodecProvider{}, JsonObjectCodecProvider{}, BsonCodecProvider{}, EnumCodecProvider{}, com.mongodb.client.model.mql.ExpressionCodecProvider@4ae958b0, com.mongodb.Jep395RecordCodecProvider@7c682e26, com.mongodb.KotlinCodecProvider@4ff074a0]}, loggerSettings=LoggerSettings{maxDocumentLength=1000}, clusterSettings={hosts=[127.0.0.1:27017], srvHost=sliitcluster.sk6iiwt.mongodb.net, srvServiceName=mongodb, mode=MULTIPLE, requiredClusterType=REPLICA_SET, requiredReplicaSetName='atlas-7kxq01-shard-0', serverSelector='null', clusterListeners='[]', serverSelectionTimeout='30000 ms', localThreshold='15 ms'}, socketSettings=SocketSettings{connectTimeoutMS=10000, readTimeoutMS=0, receiveBufferSize=0, proxySettings=ProxySettings{host=null, port=null, username=null, password=null}}, heartbeatSocketSettings=SocketSettings{connectTimeoutMS=10000, readTimeoutMS=10000, receiveBufferSize=0, proxySettings=ProxySettings{host=null, port=null, username=null, password=null}}, connectionPoolSettings=ConnectionPoolSettings{maxSize=100, minSize=0, maxWaitTimeMS=120000, maxConnectionLifeTimeMS=0, maxConnectionIdleTimeMS=0, maintenanceInitialDelayMS=0, maintenanceFrequencyMS=60000, connectionPoolListeners=[], maxConnecting=2}, serverSettings=ServerSettings{heartbeatFrequencyMS=10000, minHeartbeatFrequencyMS=500, serverMonitoringMode=AUTO, serverListeners='[]', serverMonitorListeners='[]'}, sslSettings=SslSettings{enabled=true, invalidHostNameAllowed=false, context=null}, applicationName='SliitCluster', compressorList=[], uuidRepresentation=JAVA_LEGACY, serverApi=null, autoEncryptionSettings=null, dnsClient=null, inetAddressResolver=null, contextProvider=null, timeoutMS=null}
2025-04-19T18:27:54.733+05:30  INFO 56045 --- [authservice] [iwt.mongodb.net] org.mongodb.driver.cluster               : Adding discovered server ac-tyz5nr7-shard-00-02.sk6iiwt.mongodb.net:27017 to client view of cluster
2025-04-19T18:27:54.742+05:30  INFO 56045 --- [authservice] [iwt.mongodb.net] org.mongodb.driver.cluster               : Adding discovered server ac-tyz5nr7-shard-00-01.sk6iiwt.mongodb.net:27017 to client view of cluster
2025-04-19T18:27:54.744+05:30  INFO 56045 --- [authservice] [iwt.mongodb.net] org.mongodb.driver.cluster               : Adding discovered server ac-tyz5nr7-shard-00-00.sk6iiwt.mongodb.net:27017 to client view of cluster
2025-04-19T18:27:54.820+05:30  WARN 56045 --- [authservice] [           main] JpaBaseConfiguration$JpaWebConfiguration : spring.jpa.open-in-view is enabled by default. Therefore, database queries may be performed during view rendering. Explicitly configure spring.jpa.open-in-view to disable this warning
2025-04-19T18:27:54.833+05:30  WARN 56045 --- [authservice] [           main] .s.s.UserDetailsServiceAutoConfiguration : 

Using generated security password: aa762bff-047a-4cce-8683-402dc73acddb

This generated password is for development use only. Your security configuration must be updated before running your application in production.

2025-04-19T18:27:54.838+05:30  INFO 56045 --- [authservice] [           main] r$InitializeUserDetailsManagerConfigurer : Global AuthenticationManager configured with UserDetailsService bean with name inMemoryUserDetailsManager
2025-04-19T18:27:55.091+05:30  INFO 56045 --- [authservice] [           main] c.e.a.AuthserviceApplicationTests        : Started AuthserviceApplicationTests in 1.56 seconds (process running for 1.951)
]]></system-out>
    <system-err><![CDATA[Mockito is currently self-attaching to enable the inline-mock-maker. This will no longer work in future releases of the JDK. Please add Mockito as an agent to your build what is described in Mockito's documentation: https://javadoc.io/doc/org.mockito/mockito-core/latest/org/mockito/Mockito.html#0.3
WARNING: A Java agent has been loaded dynamically (/Users/dhanusworld/.m2/repository/net/bytebuddy/byte-buddy-agent/1.15.11/byte-buddy-agent-1.15.11.jar)
WARNING: If a serviceability tool is in use, please run with -XX:+EnableDynamicAgentLoading to hide this warning
WARNING: If a serviceability tool is not in use, please run with -Djdk.instrument.traceUsage for more information
WARNING: Dynamic loading of agents will be disallowed by default in a future release
]]></system-err>
  </testcase>
</testsuite>